<?xml version="1.0" encoding="UTF-8"?>
<!-- Generated by org.testng.reporters.JUnitReportReporter -->
<testsuite hostname="aayushs-MacBook-Air.local" failures="0" tests="1" name="studentApiTest.PostAPITest" time="3.102" errors="0" timestamp="2022-06-13T20:25:30 IST" skipped="0">
  <testcase classname="studentApiTest.PostAPITest" name="validPostAPITest" time="3.102"/>
  <system-out/>
</testsuite> <!-- studentApiTest.PostAPITest -->
