<?xml version="1.0" encoding="UTF-8"?>
<!-- Generated by org.testng.reporters.JUnitReportReporter -->
<testsuite hostname="aayushs-MacBook-Air.local" failures="0" tests="1" name="studentApiTest.GetAPITests" time="3.534" errors="0" timestamp="2022-06-13T20:58:51 IST" skipped="0">
  <testcase classname="studentApiTest.GetAPITests" name="getAPITest" time="3.534"/>
  <system-out/>
</testsuite> <!-- studentApiTest.GetAPITests -->
